<?xml version="1.0" encoding="UTF-8"?>
<!-- Generated by org.testng.reporters.JUnitReportReporter -->
<testsuite hostname="LAPTOP-0IQSMD7E" failures="0" tests="3" name="com.app.TestNGScripts.BeforeAfterClassAnnotation" time="5.332" errors="0" timestamp="2023-10-05T21:43:16 IST" skipped="0">
  <testcase classname="com.app.TestNGScripts.BeforeAfterClassAnnotation" name="GetTitle" time="0.019"/>
  <system-out/>
  <testcase classname="com.app.TestNGScripts.BeforeAfterClassAnnotation" name="login" time="3.080"/>
  <system-out/>
  <testcase classname="com.app.TestNGScripts.BeforeAfterClassAnnotation" name="logout" time="2.233"/>
  <system-out/>
</testsuite> <!-- com.app.TestNGScripts.BeforeAfterClassAnnotation -->
