<?xml version="1.0" encoding="UTF-8"?>
<!-- Generated by org.testng.reporters.JUnitReportReporter -->
<testsuite hostname="LAPTOP-0IQSMD7E" failures="0" tests="8" name="TestScenario1.Sample2" time="0.014" errors="0" timestamp="2023-10-05T22:26:06 IST" skipped="0">
  <testcase classname="TestScenario1.Sample2" name="opentheAccountPage" time="0.001"/>
  <system-out/>
  <testcase classname="TestScenario1.Sample2" name="opentheAccountPage" time="0.002"/>
  <system-out/>
  <testcase classname="TestScenario1.Sample2" name="login" time="0.000"/>
  <system-out/>
  <testcase classname="TestScenario1.Sample2" name="Accounts" time="0.002"/>
  <system-out/>
  <testcase classname="TestScenario1.Sample2" name="createAccount" time="0.001"/>
  <system-out/>
  <testcase classname="TestScenario1.Sample2" name="createAccount" time="0.005"/>
  <system-out/>
  <testcase classname="TestScenario1.Sample2" name="Logout" time="0.001"/>
  <system-out/>
  <testcase classname="TestScenario1.Sample2" name="Logout" time="0.002"/>
  <system-out/>
</testsuite> <!-- TestScenario1.Sample2 -->
