<?xml version="1.0" encoding="UTF-8"?>
<!-- Generated by org.testng.reporters.JUnitReportReporter -->
<testsuite hostname="LAPTOP-0IQSMD7E" failures="0" tests="7" name="TestScenario1.Sample1" time="0.016" errors="0" timestamp="2023-10-05T22:26:06 IST" skipped="0">
  <testcase classname="TestScenario1.Sample1" name="openapp" time="0.002"/>
  <system-out/>
  <testcase classname="TestScenario1.Sample1" name="openapp" time="0.006"/>
  <system-out/>
  <testcase classname="TestScenario1.Sample1" name="loginSample1" time="0.001"/>
  <system-out/>
  <testcase classname="TestScenario1.Sample1" name="loginwithInvaliddata" time="0.001"/>
  <system-out/>
  <testcase classname="TestScenario1.Sample1" name="loginwithInvaliddata" time="0.003"/>
  <system-out/>
  <testcase classname="TestScenario1.Sample1" name="loginwithWrongpassword" time="0.001"/>
  <system-out/>
  <testcase classname="TestScenario1.Sample1" name="loginwithWrongpassword" time="0.002"/>
  <system-out/>
</testsuite> <!-- TestScenario1.Sample1 -->
