<?xml version="1.0" encoding="UTF-8"?>
<!-- Generated by org.testng.reporters.JUnitReportReporter -->
<testsuite hostname="LAPTOP-0IQSMD7E" failures="0" tests="3" name="com.app.TestNGScripts.BeforeAftermethodAnnotation" time="44.090" errors="0" timestamp="2023-10-05T21:40:33 IST" skipped="0">
  <testcase classname="com.app.TestNGScripts.BeforeAftermethodAnnotation" name="GetTitle" time="6.994"/>
  <system-out/>
  <testcase classname="com.app.TestNGScripts.BeforeAftermethodAnnotation" name="login" time="10.769"/>
  <system-out/>
  <testcase classname="com.app.TestNGScripts.BeforeAftermethodAnnotation" name="logout" time="26.327"/>
  <system-out/>
</testsuite> <!-- com.app.TestNGScripts.BeforeAftermethodAnnotation -->
