<?xml version="1.0" encoding="UTF-8"?>
<!-- Generated by org.testng.reporters.JUnitReportReporter -->
<testsuite hostname="LAPTOP-0IQSMD7E" failures="0" tests="3" name="com.app.TestNGScripts.TestAnnotation" time="75.446" errors="0" timestamp="2023-10-05T10:40:40 IST" skipped="0">
  <testcase classname="com.app.TestNGScripts.TestAnnotation" name="login" time="20.307"/>
  <system-out/>
  <testcase classname="com.app.TestNGScripts.TestAnnotation" name="logout" time="18.493"/>
  <system-out/>
  <testcase classname="com.app.TestNGScripts.TestAnnotation" name="GetTitle" time="36.646"/>
  <system-out/>
</testsuite> <!-- com.app.TestNGScripts.TestAnnotation -->
