<?xml version="1.0" encoding="UTF-8"?>
<!-- Generated by org.testng.reporters.JUnitReportReporter -->
<testsuite hostname="LAPTOP-0IQSMD7E" failures="0" tests="1" name="com.app.TestNG.DataDrivenTesting.ParameterDemo" time="6.502" errors="0" timestamp="2023-10-09T10:33:23 IST" skipped="0">
  <testcase classname="com.app.TestNG.DataDrivenTesting.ParameterDemo" name="login" time="6.502"/>
  <system-out/>
</testsuite> <!-- com.app.TestNG.DataDrivenTesting.ParameterDemo -->
