<?xml version="1.0" encoding="UTF-8"?>
<!-- Generated by org.testng.reporters.JUnitReportReporter -->
<testsuite hostname="LAPTOP-0IQSMD7E" failures="0" tests="1" name="com.app.TestNG.DataDrivenTesting.DataProviderAnnotation" time="0.000" errors="0" timestamp="2023-10-12T07:48:16 IST" skipped="1">
  <testcase classname="com.app.TestNG.DataDrivenTesting.DataProviderAnnotation" name="CreateAccount" time="0.000">
    <skipped/>
  </testcase> <!-- CreateAccount -->
  <system-out/>
</testsuite> <!-- com.app.TestNG.DataDrivenTesting.DataProviderAnnotation -->
