<?xml version="1.0" encoding="UTF-8"?>
<!-- Generated by org.testng.reporters.JUnitReportReporter -->
<testsuite hostname="LAPTOP-0IQSMD7E" failures="0" tests="1" name="com.app.SeleniumGridDemo.GRIDStandaloneDemo" time="19.561" errors="0" timestamp="2023-10-09T11:44:11 IST" skipped="0">
  <testcase classname="com.app.SeleniumGridDemo.GRIDStandaloneDemo" name="GridDemo1" time="19.561"/>
  <system-out/>
</testsuite> <!-- com.app.SeleniumGridDemo.GRIDStandaloneDemo -->
