<?xml version="1.0" encoding="UTF-8"?>
<!-- Generated by org.testng.reporters.JUnitReportReporter -->
<testsuite hostname="LAPTOP-0IQSMD7E" failures="0" tests="4" name="com.app.TestNGScripts.ParallelTest" time="36.137" errors="0" timestamp="2023-10-06T09:56:55 IST" skipped="0">
  <testcase classname="com.app.TestNGScripts.ParallelTest" name="ninjaPage" time="16.913"/>
  <system-out/>
  <testcase classname="com.app.TestNGScripts.ParallelTest" name="ninjaPage2" time="8.079"/>
  <system-out/>
  <testcase classname="com.app.TestNGScripts.ParallelTest" name="wikiPage2" time="5.492"/>
  <system-out/>
  <testcase classname="com.app.TestNGScripts.ParallelTest" name="wikiPage" time="5.653"/>
  <system-out/>
</testsuite> <!-- com.app.TestNGScripts.ParallelTest -->
